c:\users\rifat\onedrive\desktop\ewu courses\spring 2022\cse 420 (1) lab vs projects\materials\project1\x64\debug\vc143.pdb
c:\users\rifat\onedrive\desktop\ewu courses\spring 2022\cse 420 (1) lab vs projects\materials\project1\x64\debug\vc143.idb
c:\users\rifat\onedrive\desktop\ewu courses\spring 2022\cse 420 (1) lab vs projects\materials\project1\x64\debug\application.obj
c:\users\rifat\onedrive\desktop\ewu courses\spring 2022\cse 420 (1) lab m - 4-50 to 6 50\projectvs-practise\project1 - line circle\x64\debug\vc143.pdb
c:\users\rifat\onedrive\desktop\ewu courses\spring 2022\cse 420 (1) lab m - 4-50 to 6 50\projectvs-practise\project1 - line circle\x64\debug\vc143.idb
c:\users\rifat\onedrive\desktop\ewu courses\spring 2022\cse 420 (1) lab m - 4-50 to 6 50\projectvs-practise\project1 - line circle\x64\debug\application.obj
c:\users\rifat\onedrive\desktop\ewu courses\spring 2022\cse 420 (1) lab m - 4-50 to 6 50\projectvs-practise\project1 - line circle\x64\debug\glad.obj
c:\users\rifat\onedrive\desktop\ewu courses\spring 2022\cse 420 (1) lab m - 4-50 to 6 50\projectvs-practise\lab3 - hello triangle\x64\debug\vc143.pdb
c:\users\rifat\onedrive\desktop\ewu courses\spring 2022\cse 420 (1) lab m - 4-50 to 6 50\projectvs-practise\lab3 - hello triangle\x64\debug\vc143.idb
c:\users\rifat\onedrive\desktop\ewu courses\spring 2022\cse 420 (1) lab m - 4-50 to 6 50\projectvs-practise\lab3 - hello triangle\x64\debug\glad.obj
c:\users\rifat\onedrive\desktop\ewu courses\spring 2022\cse 420 (1) lab m - 4-50 to 6 50\projectvs-practise\lab3 - hello triangle\x64\debug\application.obj
c:\users\rifat\onedrive\desktop\ewu courses\spring 2022\cse 420 (1) lab vs projects\materials\project1\x64\debug\project1.exe
c:\users\rifat\onedrive\desktop\ewu courses\spring 2022\cse 420 (1) lab vs projects\materials\project1\x64\debug\project1.ilk
c:\users\rifat\onedrive\desktop\ewu courses\spring 2022\cse 420 (1) lab vs projects\materials\project1\x64\debug\project1.pdb
c:\users\rifat\onedrive\desktop\ewu courses\spring 2022\cse 420 (1) lab m - 4-50 to 6 50\projectvs-practise\project1 - line circle\x64\debug\project1.exe
c:\users\rifat\onedrive\desktop\ewu courses\spring 2022\cse 420 (1) lab m - 4-50 to 6 50\projectvs-practise\project1 - line circle\x64\debug\project1.ilk
c:\users\rifat\onedrive\desktop\ewu courses\spring 2022\cse 420 (1) lab m - 4-50 to 6 50\projectvs-practise\project1 - line circle\x64\debug\project1.pdb
c:\users\rifat\onedrive\desktop\ewu courses\spring 2022\cse 420 (1) lab m - 4-50 to 6 50\projectvs-practise\lab3 - hello triangle\x64\debug\project1.ilk
c:\users\rifat\onedrive\desktop\ewu courses\spring 2022\cse 420 (1) lab m - 4-50 to 6 50\projectvs-practise\lab3 - hello triangle\x64\debug\project1.pdb
c:\users\rifat\onedrive\desktop\ewu courses\spring 2022\cse 420 (1) lab m - 4-50 to 6 50\projectvs-practise\lab3 - hello triangle\x64\debug\project1.exe
c:\users\rifat\onedrive\desktop\ewu courses\spring 2022\cse 420 (1) lab m - 4-50 to 6 50\projectvs-practise\lab3 - hello triangle\x64\debug\project1.tlog\cl.command.1.tlog
c:\users\rifat\onedrive\desktop\ewu courses\spring 2022\cse 420 (1) lab m - 4-50 to 6 50\projectvs-practise\lab3 - hello triangle\x64\debug\project1.tlog\cl.read.1.tlog
c:\users\rifat\onedrive\desktop\ewu courses\spring 2022\cse 420 (1) lab m - 4-50 to 6 50\projectvs-practise\lab3 - hello triangle\x64\debug\project1.tlog\cl.write.1.tlog
c:\users\rifat\onedrive\desktop\ewu courses\spring 2022\cse 420 (1) lab m - 4-50 to 6 50\projectvs-practise\lab3 - hello triangle\x64\debug\project1.tlog\link.command.1.tlog
c:\users\rifat\onedrive\desktop\ewu courses\spring 2022\cse 420 (1) lab m - 4-50 to 6 50\projectvs-practise\lab3 - hello triangle\x64\debug\project1.tlog\link.read.1.tlog
c:\users\rifat\onedrive\desktop\ewu courses\spring 2022\cse 420 (1) lab m - 4-50 to 6 50\projectvs-practise\lab3 - hello triangle\x64\debug\project1.tlog\link.write.1.tlog
